-------------------------------------------------------------------------------
Test set: com.parkit.parkingsystem.FareCalculatorServiceTest
-------------------------------------------------------------------------------
Tests run: 8, Failures: 1, Errors: 0, Skipped: 0, Time elapsed: 0.054 s <<< FAILURE! - in com.parkit.parkingsystem.FareCalculatorServiceTest
calculateFareCarWithLessThan30minutesParkingTime  Time elapsed: 0.012 s  <<< FAILURE!
org.opentest4j.AssertionFailedError: expected: <0.0> but was: <0.75>
	at com.parkit.parkingsystem.FareCalculatorServiceTest.calculateFareCarWithLessThan30minutesParkingTime(FareCalculatorServiceTest.java:139)

