<?xml version="1.0" encoding="UTF-8"?>
<testsuite xmlns:xsi="http://www.w3.org/2001/XMLSchema-instance" xsi:noNamespaceSchemaLocation="https://maven.apache.org/surefire/maven-surefire-plugin/xsd/surefire-test-report-3.0.xsd" version="3.0" name="com.parkit.service.InteractiveShellImplTest" time="0.206" tests="3" errors="0" skipped="0" failures="0">
  <properties>
[...]
</properties>
  <testcase name="loadInterface_ProcessIncomingVehicle" classname="com.parkit.service.InteractiveShellImplTest" time="0.16">
    <system-out><![CDATA[Welcome to Parking System!
Please select an option. Simply enter the number to choose an action
1 New Vehicle Entering - Allocate Parking Space
2 Vehicle Exiting - Generate Ticket Price
3 Shutdown System
Please select an option. Simply enter the number to choose an action
1 New Vehicle Entering - Allocate Parking Space
2 Vehicle Exiting - Generate Ticket Price
3 Shutdown System
Exiting from the system!
]]></system-out>
  </testcase>
  <testcase name="loadInterface_ProcessExitingVehicle" classname="com.parkit.service.InteractiveShellImplTest" time="0.014">
    <system-out><![CDATA[Welcome to Parking System!
Please select an option. Simply enter the number to choose an action
1 New Vehicle Entering - Allocate Parking Space
2 Vehicle Exiting - Generate Ticket Price
3 Shutdown System
Please select an option. Simply enter the number to choose an action
1 New Vehicle Entering - Allocate Parking Space
2 Vehicle Exiting - Generate Ticket Price
3 Shutdown System
Exiting from the system!
]]></system-out>
  </testcase>
  <testcase name="loadInterface_InvalidOption" classname="com.parkit.service.InteractiveShellImplTest" time="0.014">
    <system-out><![CDATA[Welcome to Parking System!
Please select an option. Simply enter the number to choose an action
1 New Vehicle Entering - Allocate Parking Space
2 Vehicle Exiting - Generate Ticket Price
3 Shutdown System
Unsupported option. Please enter a number corresponding to the provided menu
Please select an option. Simply enter the number to choose an action
1 New Vehicle Entering - Allocate Parking Space
2 Vehicle Exiting - Generate Ticket Price
3 Shutdown System
Exiting from the system!
]]></system-out>
  </testcase>
</testsuite>